<?xml version="1.0" encoding="UTF-8"?>
<!-- Generated by org.testng.reporters.JUnitReportReporter -->
<testsuite skipped="0" hostname="blubb" name="NumberAlgorithmsTest" tests="19" failures="0" timestamp="08 May 2018 20:06:04 GMT" time="0.044" errors="0">
  <testcase name="sum" time="0.001" classname="NumberAlgorithmsTest"/>
  <testcase name="max" time="0.002" classname="NumberAlgorithmsTest"/>
  <testcase name="varNull" time="0.001" classname="NumberAlgorithmsTest"/>
  <testcase name="minNull" time="0.005" classname="NumberAlgorithmsTest"/>
  <testcase name="min" time="0.007" classname="NumberAlgorithmsTest"/>
  <testcase name="maxEmpty" time="0.002" classname="NumberAlgorithmsTest"/>
  <testcase name="varEmpty" time="0.001" classname="NumberAlgorithmsTest"/>
  <testcase name="stddevNull" time="0.001" classname="NumberAlgorithmsTest"/>
  <testcase name="maxNull" time="0.001" classname="NumberAlgorithmsTest"/>
  <testcase name="stddevEmpty" time="0.001" classname="NumberAlgorithmsTest"/>
  <testcase name="var" time="0.001" classname="NumberAlgorithmsTest"/>
  <testcase name="minEmpty" time="0.001" classname="NumberAlgorithmsTest"/>
  <testcase name="sumMixed" time="0.001" classname="NumberAlgorithmsTest"/>
  <testcase name="sumNull" time="0.001" classname="NumberAlgorithmsTest"/>
  <testcase name="avgNull" time="0.001" classname="NumberAlgorithmsTest"/>
  <testcase name="avg" time="0.013" classname="NumberAlgorithmsTest"/>
  <testcase name="avgEmpty" time="0.002" classname="NumberAlgorithmsTest"/>
  <testcase name="stddev" time="0.001" classname="NumberAlgorithmsTest"/>
  <testcase name="sumEmpty" time="0.001" classname="NumberAlgorithmsTest"/>
</testsuite> <!-- NumberAlgorithmsTest -->
